<?xml version="1.0" encoding="UTF-8"?>
<!-- Generated by org.testng.reporters.JUnitReportReporter -->
<testsuite hostname="LAPTOP-UKDK1S1F" failures="0" tests="1" name="cucumberOptions.TestNGRunner" time="0.144" errors="0" timestamp="2024-08-07T17:00:55 IST" skipped="0">
  <testcase classname="cucumberOptions.TestNGRunner" name="runScenario" time="0.144"/>
</testsuite> <!-- cucumberOptions.TestNGRunner -->
